2025-01-16 18:45:39,617 [INFO] 设置 被点击
2025-01-16 18:45:40,119 [INFO] 通行证 被点击
2025-01-16 18:45:49,137 [INFO] 设置 被点击
2025-01-16 18:45:50,034 [INFO] 通行证 被点击
2025-01-16 18:45:50,693 [INFO] 工具 被点击
2025-01-16 18:45:58,999 [INFO] 查询玩家 Rhedar 的UUID: a055dc4a77454b7b9e69669e779a4c23
2025-01-16 18:45:59,978 [INFO] UUID a055dc4a77454b7b9e69669e779a4c23 已复制到剪贴板
2025-01-16 18:46:04,617 [INFO] 皮肤URL: http://textures.minecraft.net/texture/4aef7f71ba4aa0f62e6d55c85b95bb802038ae55d712aa51d0e5e9bd27173b61
2025-01-16 18:46:04,617 [INFO] 披风URL: 未找到披风URL
2025-01-16 18:46:11,047 [INFO] 查询玩家 Detritalw 的UUID: f282dda069a94787b12baa16a1939fc4
2025-01-16 18:46:11,461 [INFO] UUID f282dda069a94787b12baa16a1939fc4 已复制到剪贴板
2025-01-16 18:46:13,942 [INFO] 皮肤URL: http://textures.minecraft.net/texture/bb15ee313fe92baaf34e71acb922634e500979a1d080d356318c739981a254f3
2025-01-16 18:46:13,942 [INFO] 披风URL: http://textures.minecraft.net/texture/cb40a92e32b57fd732a00fc325e7afb00a7ca74936ad50d8e860152e482cfbde
2025-01-16 18:46:17,258 [INFO] 打开皮肤URL: http://textures.minecraft.net/texture/bb15ee313fe92baaf34e71acb922634e500979a1d080d356318c739981a254f3
2025-01-16 18:46:21,690 [INFO] 打开披风URL: http://textures.minecraft.net/texture/cb40a92e32b57fd732a00fc325e7afb00a7ca74936ad50d8e860152e482cfbde
2025-01-16 18:51:18,165 [INFO] 工具 被点击
2025-01-16 18:52:27,034 [INFO] 下载 被点击
2025-01-16 18:52:28,266 [INFO] 通行证 被点击
2025-01-16 18:52:51,607 [INFO] 设置 被点击
2025-01-16 18:52:52,570 [INFO] 关于 被点击
2025-01-16 18:52:53,277 [INFO] 通行证 被点击
2025-01-16 18:52:54,234 [INFO] 下载 被点击
2025-01-16 18:52:54,764 [INFO] 主页 被点击
2025-01-16 18:52:57,283 [INFO] 下载 被点击
2025-01-16 18:53:33,673 [INFO] 通行证 被点击
2025-01-16 18:53:34,779 [INFO] 设置 被点击
2025-01-16 18:53:35,530 [INFO] 关于 被点击
2025-01-16 18:53:36,166 [INFO] 通行证 被点击
2025-01-16 18:53:36,803 [INFO] 设置 被点击
2025-01-16 18:53:37,430 [INFO] 通行证 被点击
2025-01-16 19:16:39,193 [INFO] 下载 被点击
2025-01-16 19:16:47,788 [INFO] 工具 被点击
2025-01-16 19:16:53,186 [INFO] 查询玩家 Rhedar 的UUID: a055dc4a77454b7b9e69669e779a4c23
2025-01-16 19:16:53,814 [INFO] UUID a055dc4a77454b7b9e69669e779a4c23 已复制到剪贴板
2025-01-16 19:21:58,241 [INFO] 下载 被点击
2025-01-16 19:21:59,122 [INFO] 通行证 被点击
2025-01-16 19:22:27,630 [INFO] 工具 被点击
2025-01-16 19:33:08,855 [INFO] 下载 被点击
2025-01-16 19:33:09,788 [INFO] 工具 被点击
2025-01-16 19:33:21,705 [INFO] 查询玩家 Rhedar 的UUID: a055dc4a77454b7b9e69669e779a4c23
2025-01-16 19:33:23,187 [INFO] UUID a055dc4a77454b7b9e69669e779a4c23 已复制到剪贴板
2025-01-16 19:33:28,023 [INFO] 皮肤URL: http://textures.minecraft.net/texture/4aef7f71ba4aa0f62e6d55c85b95bb802038ae55d712aa51d0e5e9bd27173b61
2025-01-16 19:33:28,023 [INFO] 披风URL: 未找到披风URL
2025-01-16 19:33:29,732 [INFO] 打开皮肤URL: http://textures.minecraft.net/texture/4aef7f71ba4aa0f62e6d55c85b95bb802038ae55d712aa51d0e5e9bd27173b61
2025-01-16 19:34:33,897 [INFO] UUID a055dc4a77454b7b9e69669e779a4c23 已复制到剪贴板
2025-01-16 19:40:28,772 [INFO] 通行证 被点击
2025-01-16 19:40:29,652 [INFO] 设置 被点击
2025-01-16 19:40:30,209 [INFO] 关于 被点击
2025-01-16 19:40:31,146 [INFO] 通行证 被点击
2025-01-16 19:40:31,788 [INFO] 设置 被点击
2025-01-16 19:40:32,532 [INFO] 关于 被点击
2025-01-16 19:40:34,859 [INFO] 打开Bloret Github 组织页面
2025-01-16 19:41:09,762 [INFO] 主页 被点击
2025-01-16 19:42:47,568 [INFO] 下载 被点击
2025-01-16 19:42:48,364 [INFO] 工具 被点击
2025-01-16 19:42:55,435 [INFO] 查询玩家 Rhedar 的UUID: a055dc4a77454b7b9e69669e779a4c23
2025-01-16 19:42:56,093 [INFO] UUID a055dc4a77454b7b9e69669e779a4c23 已复制到剪贴板
2025-01-16 19:42:58,471 [INFO] 查询UUID a055dc4a77454b7b9e69669e779a4c23 的名称: Rhedar
2025-01-16 19:43:01,778 [INFO] 皮肤URL: http://textures.minecraft.net/texture/4aef7f71ba4aa0f62e6d55c85b95bb802038ae55d712aa51d0e5e9bd27173b61
2025-01-16 19:43:01,778 [INFO] 披风URL: 未找到披风URL
2025-01-16 19:43:50,008 [INFO] 通行证 被点击
2025-01-16 19:47:03,613 [INFO] 下载 被点击
2025-01-16 19:50:08,485 [INFO] 工具 被点击
2025-01-16 19:50:11,928 [INFO] 下载 被点击
2025-01-16 20:00:25,045 [INFO] 下载 被点击
2025-01-16 20:00:36,117 [INFO] 工具 被点击
2025-01-16 20:00:36,717 [INFO] 下载 被点击
2025-01-16 20:03:20,550 [INFO] 工具 被点击
2025-01-16 20:03:22,749 [INFO] 下载 被点击
2025-01-16 20:03:54,765 [INFO] 设置 被点击
2025-01-16 20:06:05,546 [INFO] 下载 被点击
2025-01-16 20:06:11,614 [INFO] 设置 被点击
2025-01-16 20:09:55,366 [INFO] 下载 被点击
2025-01-16 20:10:00,310 [INFO] 设置 被点击
2025-01-16 20:10:01,306 [INFO] 通行证 被点击
2025-01-16 20:10:02,506 [INFO] 关于 被点击
2025-01-16 20:10:03,494 [INFO] 工具 被点击
2025-01-16 20:10:05,386 [INFO] 下载 被点击
2025-01-16 20:12:20,010 [INFO] 工具 被点击
2025-01-16 20:12:20,458 [INFO] 下载 被点击
2025-01-16 20:16:41,905 [INFO] 下载 被点击
2025-01-16 20:18:18,519 [INFO] 下载 被点击
2025-01-16 20:20:29,910 [INFO] 下载 被点击
2025-01-16 20:21:24,255 [INFO] 下载 被点击
2025-01-16 20:21:29,935 [INFO] 选择的 .minecraft 文件夹路径: I:/Work/Bloret-Launcher/icons
2025-01-16 20:38:19,644 [INFO] 下载 被点击
2025-01-16 20:40:42,399 [INFO] 下载 被点击
2025-01-16 20:40:43,703 [INFO] 设置的 .minecraft 文件夹路径: I:\Work\Bloret-Launcher\.minecraft
2025-01-16 20:42:29,399 [INFO] 下载 被点击
2025-01-16 20:42:30,764 [INFO] 设置的 .minecraft 文件夹路径: I:\Work\Bloret-Launcher\.minecraft
2025-01-16 20:44:25,463 [INFO] 下载 被点击
2025-01-16 20:44:38,888 [INFO] 设置的 .minecraft 文件夹路径: I:\Work\Bloret-Launcher\.minecraft
2025-01-16 20:46:33,591 [INFO] 下载 被点击
2025-01-16 20:46:35,061 [INFO] 设置的 .minecraft 文件夹路径: I:\Work\Bloret-Launcher\.minecraft
2025-01-16 20:47:33,859 [INFO] 下载 被点击
2025-01-16 20:51:23,096 [INFO] 主页 被点击
2025-01-16 20:51:23,760 [INFO] 下载 被点击
2025-01-16 20:51:24,484 [INFO] 工具 被点击
2025-01-16 20:51:25,057 [INFO] 下载 被点击
2025-01-16 20:51:29,909 [INFO] 设置的 .minecraft 文件夹路径: I:\Work\Bloret-Launcher\.minecraf
2025-01-16 20:52:45,849 [INFO] 下载 被点击
2025-01-16 20:52:46,864 [INFO] 设置的 .minecraft 文件夹路径: I:\Work\Bloret-Launcher\.minecraft
2025-01-16 20:52:54,853 [INFO] 设置的 .minecraft 文件夹路径: I:\Work\Bloret-Launcher\.minecraft
2025-01-16 20:57:32,076 [INFO] 下载 被点击
2025-01-16 20:57:33,447 [INFO] 设置的 .minecraft 文件夹路径: I:\Work\Bloret-Launcher\.minecraft
2025-01-16 20:58:01,036 [INFO] 设置的 .minecraft 文件夹路径: I:\Work\Bloret-Launcher\.minecraft
2025-01-16 21:00:04,129 [INFO] 下载 被点击
2025-01-16 21:00:06,241 [INFO] 设置的 .minecraft 文件夹路径: I:\Work\Bloret-Launcher\.minecraft
2025-01-16 21:00:09,121 [INFO] 设置的 .minecraft 文件夹路径: I:\Work\Bloret-Launcher\.minecraft
2025-01-16 21:00:09,769 [INFO] 设置的 .minecraft 文件夹路径: I:\Work\Bloret-Launcher\.minecraft
2025-01-16 21:00:11,244 [INFO] 设置的 .minecraft 文件夹路径: I:\Work\Bloret-Launcher\.minecraft
2025-01-16 21:00:12,016 [INFO] 设置的 .minecraft 文件夹路径: I:\Work\Bloret-Launcher\.minecraft
2025-01-16 21:00:12,201 [INFO] 设置的 .minecraft 文件夹路径: I:\Work\Bloret-Launcher\.minecraft
2025-01-16 21:00:12,353 [INFO] 设置的 .minecraft 文件夹路径: I:\Work\Bloret-Launcher\.minecraft
2025-01-16 21:00:12,520 [INFO] 设置的 .minecraft 文件夹路径: I:\Work\Bloret-Launcher\.minecraft
2025-01-16 21:00:43,131 [INFO] 设置的 .minecraft 文件夹路径: I:\Work\Bloret-Launcher\.minecraft
2025-01-16 21:02:14,646 [INFO] 下载 被点击
2025-01-16 21:02:15,877 [INFO] 设置的 .minecraft 文件夹路径: I:\Work\Bloret-Launcher\.minecraft
2025-01-16 21:02:18,680 [INFO] 设置的 .minecraft 文件夹路径: I:\Work\Bloret-Launcher\.minecraft
2025-01-16 21:02:21,667 [INFO] 设置的 .minecraft 文件夹路径: I:\Work\Bloret-Launcher\.minecraft
2025-01-16 21:02:43,534 [INFO] 设置的 .minecraft 文件夹路径: I:\Work\Bloret-Launcher\.minecraft
2025-01-16 21:03:04,057 [INFO] 下载 被点击
2025-01-16 21:03:05,481 [INFO] 设置的 .minecraft 文件夹路径: I:\Work\Bloret-Launcher\.minecraft
2025-01-16 21:03:16,035 [INFO] 设置的 .minecraft 文件夹路径: I:\Work\Bloret-Launcher\.minecraft
2025-01-16 21:03:22,921 [INFO] 选择的 .minecraft 文件夹路径: I:/Work/Bloret-Launcher/ui
2025-01-16 21:04:35,468 [INFO] 设置的 .minecraft 文件夹路径: I:/Work/Bloret-Launcher/ui
2025-01-16 21:06:11,139 [INFO] 下载 被点击
2025-01-16 21:06:15,392 [INFO] 选择的 .minecraft 文件夹路径: I:/Work/Bloret-Launcher/icons
2025-01-16 21:06:17,272 [INFO] 设置的 .minecraft 文件夹路径: I:/Work/Bloret-Launcher/icons
2025-01-16 21:06:22,117 [INFO] 选择的 .minecraft 文件夹路径: I:/Work
2025-01-16 21:06:27,344 [INFO] 通行证 被点击
2025-01-16 21:06:29,029 [INFO] 工具 被点击
2025-01-16 21:06:29,871 [INFO] 下载 被点击
2025-01-16 21:07:08,071 [INFO] 工具 被点击
2025-01-16 21:07:08,455 [INFO] 下载 被点击
2025-01-16 21:07:09,245 [INFO] 设置的 .minecraft 文件夹路径: I:\Work\Bloret-Launcher\.minecraft
2025-01-16 21:10:06,352 [INFO] 下载 被点击
2025-01-16 21:10:08,397 [INFO] 设置的 .minecraft 文件夹路径: I:\Work\Bloret-Launcher\.minecraft
2025-01-16 21:10:24,889 [INFO] 下载 被点击
2025-01-16 21:10:27,349 [INFO] 设置的 .minecraft 文件夹路径: I:\Work\Bloret-Launcher\.minecraft
2025-01-16 21:10:35,084 [INFO] 设置的 .minecraft 文件夹路径: I:\Work\Bloret-Launcher\.minecraft
2025-01-16 21:10:38,155 [INFO] 设置的 .minecraft 文件夹路径: I:\Work\Bloret-Launcher\.minecraftasd
2025-01-16 21:10:41,061 [INFO] 设置的 .minecraft 文件夹路径: I:\Work\Bloret-Launcher\.minecraft
2025-01-16 21:10:44,434 [INFO] 设置的 .minecraft 文件夹路径: I:\Work\Bloret-Launcher\.minecraft
2025-01-16 21:10:48,920 [INFO] 通行证 被点击
2025-01-16 21:10:49,260 [INFO] 设置 被点击
2025-01-16 21:10:50,361 [INFO] 通行证 被点击
2025-01-16 21:10:51,789 [INFO] 下载 被点击
2025-01-16 21:10:52,366 [INFO] 主页 被点击
2025-01-16 21:10:52,898 [INFO] 下载 被点击
2025-01-16 21:28:07,632 [INFO] 下载 被点击
2025-01-16 21:28:10,002 [INFO] 设置的 .minecraft 文件夹路径: I:\Work\Bloret-Launcher\.minecraft
