2025-03-01 10:52:05,606 [INFO] 图标路径存在: G:\Work\git\Bloret-Launcher\icons\bloret.png
2025-03-01 10:52:05,723 [INFO] 启动画面创建完成
2025-03-01 10:52:05,836 [INFO] 启动画面已显示
2025-03-01 10:52:07,659 [INFO] 图标路径存在: G:\Work\git\Bloret-Launcher\icons\bloret.png
2025-03-01 10:52:07,863 [INFO] 开始向 cmcl.json 读取数据
2025-03-01 10:52:07,863 [INFO] 读取到的 playerName: Detritalw
2025-03-01 10:52:07,864 [INFO] 读取到的 loginMethod: 微软登录
2025-03-01 10:52:07,960 [INFO] 成功读取 cmcl.json 数据
2025-03-01 10:52:08,559 [ERROR] 路径无效: G:\Work\git\Bloret-Launcher\.minecraft\versions
2025-03-01 10:52:08,678 [INFO] 成功读取 cmcl.json 数据
2025-03-01 10:52:08,681 [INFO] 设置 login_way_combo 当前索引为: 微软登录
2025-03-01 10:52:08,683 [INFO] 设置 name_combo 当前索引为: Detritalw
2025-03-01 10:52:09,698 [INFO] 最新正式版: 5.1
2025-03-01 10:52:09,698 [WARNING] 当前版本不是最新版，请更新到 5.1 版本
2025-03-01 10:52:12,152 [INFO] 成功读取 cmcl.json 数据
2025-03-01 10:52:12,516 [ERROR] 路径无效: G:\Work\git\Bloret-Launcher\.minecraft\versions
2025-03-01 10:52:12,578 [INFO] 成功读取 cmcl.json 数据
2025-03-01 10:52:12,580 [INFO] 设置 login_way_combo 当前索引为: 微软登录
2025-03-01 10:52:12,581 [INFO] 设置 name_combo 当前索引为: Detritalw
2025-03-01 10:52:15,066 [INFO] 隐藏启动画面
2025-03-01 10:52:32,746 [INFO] 开始向 cmcl.json 读取数据
2025-03-01 10:52:32,755 [INFO] 读取到的 playerName: Detritalw
2025-03-01 10:52:32,755 [INFO] 读取到的 loginMethod: 离线登录
2025-03-01 10:52:41,717 [INFO] 开始向 cmcl.json 读取数据
2025-03-01 10:52:41,726 [INFO] 读取到的 playerName: 原神
2025-03-01 10:52:41,726 [INFO] 读取到的 loginMethod: 离线登录
2025-03-01 10:52:48,511 [INFO] 开始向 cmcl.json 读取数据
2025-03-01 10:52:48,515 [INFO] 读取到的 playerName: Detritalw
2025-03-01 10:52:48,515 [INFO] 读取到的 loginMethod: 离线登录
