2025-03-01 07:18:20,296 [INFO] 图标路径存在: G:\Work\git\Bloret-Launcher\icons\bloret.png
2025-03-01 07:18:20,375 [INFO] 启动画面创建完成
2025-03-01 07:18:20,459 [INFO] 启动画面已显示
2025-03-01 07:18:21,018 [INFO] 最新正式版: 4.1
2025-03-01 07:18:21,440 [INFO] 图标路径存在: G:\Work\git\Bloret-Launcher\icons\bloret.png
2025-03-01 07:18:21,623 [INFO] 开始向 cmcl.json 读取数据
2025-03-01 07:18:21,623 [INFO] cmcl.json 中的 accounts 列表为空
2025-03-01 07:18:21,714 [INFO] 成功读取 cmcl.json 数据
2025-03-01 07:18:22,105 [INFO] 成功读取版本列表: ['1.21.4']
2025-03-01 07:18:22,157 [INFO] 成功读取 cmcl.json 数据
2025-03-01 07:18:22,160 [INFO] 设置 login_way_combo 当前索引为: 请在下方登录
2025-03-01 07:18:22,161 [INFO] 设置 name_combo 当前索引为: 未登录
2025-03-01 07:18:22,407 [INFO] 成功读取 cmcl.json 数据
2025-03-01 07:18:22,762 [INFO] 成功读取版本列表: ['1.21.4']
2025-03-01 07:18:22,886 [INFO] 成功读取 cmcl.json 数据
2025-03-01 07:18:22,889 [INFO] 设置 login_way_combo 当前索引为: 请在下方登录
2025-03-01 07:18:22,891 [INFO] 设置 name_combo 当前索引为: 未登录
2025-03-01 07:18:25,320 [INFO] 隐藏启动画面
2025-03-01 07:18:28,137 [INFO] 下载命令: "G:\Work\git\Bloret-Launcher\cmcl.exe" install 1.21.4
2025-03-01 07:18:28,138 [INFO] 正在下载版本 "G:\Work\git\Bloret-Launcher\cmcl.exe" install 1.21.4
2025-03-01 07:18:28,138 [INFO] 执行命令: "G:\Work\git\Bloret-Launcher\cmcl.exe" install 1.21.4
