2025-03-01 08:09:39,234 [INFO] 图标路径存在: G:\Work\git\Bloret-Launcher\icons\bloret.png
2025-03-01 08:09:39,407 [INFO] 启动画面创建完成
2025-03-01 08:09:39,508 [INFO] 启动画面已显示
2025-03-01 08:09:40,063 [INFO] 最新正式版: 4.1
2025-03-01 08:09:40,625 [INFO] 图标路径存在: G:\Work\git\Bloret-Launcher\icons\bloret.png
2025-03-01 08:09:40,812 [INFO] 开始向 cmcl.json 读取数据
2025-03-01 08:09:40,823 [INFO] 读取到的 playerName: Detritalw
2025-03-01 08:09:40,823 [INFO] 读取到的 loginMethod: 微软登录
2025-03-01 08:09:40,917 [INFO] 成功读取 cmcl.json 数据
2025-03-01 08:09:41,366 [INFO] 成功读取版本列表: ['1.21.4-FABric']
2025-03-01 08:09:41,480 [INFO] 成功读取 cmcl.json 数据
2025-03-01 08:09:41,483 [INFO] 设置 login_way_combo 当前索引为: 微软登录
2025-03-01 08:09:41,484 [INFO] 设置 name_combo 当前索引为: Detritalw
2025-03-01 08:09:41,712 [INFO] 成功读取 cmcl.json 数据
2025-03-01 08:09:42,102 [INFO] 成功读取版本列表: ['1.21.4-FABric']
2025-03-01 08:09:42,215 [INFO] 成功读取 cmcl.json 数据
2025-03-01 08:09:42,217 [INFO] 设置 login_way_combo 当前索引为: 微软登录
2025-03-01 08:09:42,218 [INFO] 设置 name_combo 当前索引为: Detritalw
2025-03-01 08:09:44,616 [INFO] 隐藏启动画面
2025-03-01 08:09:50,111 [INFO] 成功覆盖cmcl.json文件
