2025-03-01 08:13:38,551 [INFO] 图标路径存在: G:\Work\git\Bloret-Launcher\icons\bloret.png
2025-03-01 08:13:38,629 [INFO] 启动画面创建完成
2025-03-01 08:13:38,714 [INFO] 启动画面已显示
2025-03-01 08:13:39,238 [INFO] 最新正式版: 4.1
2025-03-01 08:13:39,678 [INFO] 图标路径存在: G:\Work\git\Bloret-Launcher\icons\bloret.png
2025-03-01 08:13:39,861 [INFO] 开始向 cmcl.json 读取数据
2025-03-01 08:13:39,863 [INFO] 读取到的 playerName: Detritalw
2025-03-01 08:13:39,864 [INFO] 读取到的 loginMethod: 微软登录
2025-03-01 08:13:39,950 [INFO] 成功读取 cmcl.json 数据
2025-03-01 08:13:40,384 [INFO] 成功读取版本列表: ['1.21.4-FABric']
2025-03-01 08:13:40,498 [INFO] 成功读取 cmcl.json 数据
2025-03-01 08:13:40,502 [INFO] 设置 login_way_combo 当前索引为: 微软登录
2025-03-01 08:13:40,505 [INFO] 设置 name_combo 当前索引为: Detritalw
2025-03-01 08:13:40,753 [INFO] 成功读取 cmcl.json 数据
2025-03-01 08:13:41,141 [INFO] 成功读取版本列表: ['1.21.4-FABric']
2025-03-01 08:13:41,250 [INFO] 成功读取 cmcl.json 数据
2025-03-01 08:13:41,252 [INFO] 设置 login_way_combo 当前索引为: 微软登录
2025-03-01 08:13:41,253 [INFO] 设置 name_combo 当前索引为: Detritalw
2025-03-01 08:13:43,667 [INFO] 隐藏启动画面
2025-03-01 08:13:45,245 [INFO] 正在启动 1.21.4-FABric
