2025-03-01 08:14:42,968 [INFO] 图标路径存在: G:\Work\git\Bloret-Launcher\icons\bloret.png
2025-03-01 08:14:43,049 [INFO] 启动画面创建完成
2025-03-01 08:14:43,138 [INFO] 启动画面已显示
2025-03-01 08:14:43,662 [INFO] 最新正式版: 4.1
2025-03-01 08:14:44,128 [INFO] 图标路径存在: G:\Work\git\Bloret-Launcher\icons\bloret.png
2025-03-01 08:14:44,324 [INFO] 开始向 cmcl.json 读取数据
2025-03-01 08:14:44,325 [INFO] 读取到的 playerName: Detritalw
2025-03-01 08:14:44,325 [INFO] 读取到的 loginMethod: 微软登录
2025-03-01 08:14:44,412 [INFO] 成功读取 cmcl.json 数据
2025-03-01 08:14:44,891 [INFO] 成功读取版本列表: ['1.21.4-FABric']
2025-03-01 08:14:45,008 [INFO] 成功读取 cmcl.json 数据
2025-03-01 08:14:45,011 [INFO] 设置 login_way_combo 当前索引为: 微软登录
2025-03-01 08:14:45,013 [INFO] 设置 name_combo 当前索引为: Detritalw
2025-03-01 08:14:45,269 [INFO] 成功读取 cmcl.json 数据
2025-03-01 08:14:45,620 [INFO] 成功读取版本列表: ['1.21.4-FABric']
2025-03-01 08:14:45,802 [INFO] 成功读取 cmcl.json 数据
2025-03-01 08:14:45,803 [INFO] 设置 login_way_combo 当前索引为: 微软登录
2025-03-01 08:14:45,804 [INFO] 设置 name_combo 当前索引为: Detritalw
2025-03-01 08:14:48,178 [INFO] 隐藏启动画面
2025-03-01 08:14:49,856 [INFO] 正在启动 1.21.4-FABric
