2025-03-07 17:25:24,042 [INFO] 图标路径存在: G:\Work\git\Bloret-Launcher\icons\bloret.png
2025-03-07 17:25:24,220 [INFO] 启动画面创建完成
2025-03-07 17:25:24,311 [INFO] 启动画面已显示
2025-03-07 17:25:25,991 [INFO] 最新正式版: 4.2
2025-03-07 17:25:26,505 [INFO] 图标路径存在: G:\Work\git\Bloret-Launcher\icons\bloret.png
2025-03-07 17:25:26,602 [INFO] 开始向 cmcl.json 读取数据
2025-03-07 17:25:26,603 [INFO] 读取到的 playerName: Bloret-Player
2025-03-07 17:25:26,603 [INFO] 读取到的 loginMethod: 离线登录
2025-03-07 17:25:26,696 [INFO] 成功读取 cmcl.json 数据
2025-03-07 17:25:27,141 [INFO] 成功读取版本列表: ['1.21.1', '1.21.4', '1.21.4-Fabric']
2025-03-07 17:25:27,265 [INFO] 成功读取 cmcl.json 数据
2025-03-07 17:25:27,268 [INFO] 设置 login_way_combo 当前索引为: 离线登录
2025-03-07 17:25:27,270 [INFO] 设置 name_combo 当前索引为: Bloret-Player
2025-03-07 17:25:27,499 [INFO] 成功读取 cmcl.json 数据
2025-03-07 17:25:27,814 [INFO] 成功读取版本列表: ['1.21.1', '1.21.4', '1.21.4-Fabric']
2025-03-07 17:25:27,916 [INFO] 成功读取 cmcl.json 数据
2025-03-07 17:25:27,918 [INFO] 设置 login_way_combo 当前索引为: 离线登录
2025-03-07 17:25:27,919 [INFO] 设置 name_combo 当前索引为: Bloret-Player
2025-03-07 17:25:30,422 [INFO] 隐藏启动画面
2025-03-07 17:30:42,942 [ERROR] Failed to delete G:\Work\git\Bloret-Launcher\log\log_20250307_172523.log. Reason: [WinError 32] 另一个程序正在使用此文件，进程无法访问。: 'G:\\Work\\git\\Bloret-Launcher\\log\\log_20250307_172523.log'
2025-03-07 17:30:44,265 [ERROR] Failed to delete G:\Work\git\Bloret-Launcher\log\log_20250307_172523.log. Reason: [WinError 32] 另一个程序正在使用此文件，进程无法访问。: 'G:\\Work\\git\\Bloret-Launcher\\log\\log_20250307_172523.log'
2025-03-07 17:30:44,433 [ERROR] Failed to delete G:\Work\git\Bloret-Launcher\log\log_20250307_172523.log. Reason: [WinError 32] 另一个程序正在使用此文件，进程无法访问。: 'G:\\Work\\git\\Bloret-Launcher\\log\\log_20250307_172523.log'
